[10:16:55.708] [Info] Root: Preparing Root...
[10:16:55.710] [Info] Root: Done preparing Root.
[10:16:55.710] [Info] Client Version 1.3.3 (windows x86_64) Source ID: c21069b204d626bfe673a047a2100d2fcd0766d4 Protocol: 743
[10:16:55.710] [Info] Root: Scanning for asset sources in directory '..\assets\'
[10:16:56.545] [Info] Root: Scanning for asset sources in directory '..\mods\'
[10:16:56.545] [Warn] Root: Unrecognized file in asset directory 'mods_go_here', skipping
[10:16:56.545] [Info] Root: Detected asset source named 'base' at '..\assets\packed.pak'
[10:16:56.545] [Info] Root: Detected asset source named 'SC-Font' at '..\mods\星核.pak'
[10:16:56.545] [Info] Root: Detected unnamed asset source at '..\assets\user'
[10:16:56.545] [Info] Loading assets from: '..\assets\packed.pak'
[10:16:57.464] [Info] Loading assets from: '..\mods\星核.pak'
[10:16:57.464] [Info] Loading assets from: '..\assets\user'
[10:16:58.009] [Info] Assets digest is b57c9f91776ea4b4e2370f4ea05a80cd4c91b8319f7d3f451d5af3749dade860
[10:16:58.009] [Info] Root: Loaded Assets in 2.2991 seconds
[10:16:58.013] [Info] Application: Initializing SDL Video
[10:16:58.030] [Info] Application: Initializing SDL Joystick
[10:16:58.164] [Info] Application: Initializing SDL Sound
[10:16:58.228] [Info] Initialized Steam services
[10:16:58.229] [Info] Application: Creating SDL Window
[10:16:58.409] [Info] Application: Enabling VSync with late swap tearing
[10:16:58.535] [Info] Application: Opened default audio device with 44.1khz / 16 bit stereo audio, 2048 sample size buffer
[10:16:58.542] [Info] OpenGL version: '4.5.0 NVIDIA 376.51' vendor: 'NVIDIA Corporation' renderer: 'GeForce GTX 750 Ti/PCIe/SSE2' shader: '4.50 NVIDIA'
[10:16:58.549] [Info] Application: initialization...
[10:16:58.550] [Info] Root: Loaded Configuration in 0.0007368 seconds
[10:16:58.551] [Info] Application: renderer initialization...
[10:16:58.552] [Info] detected supported OpenGL texture size 16384, using atlasNumCells 128
[10:16:58.557] [Info] detected supported OpenGL texture size 16384, using atlasNumCells 64
[10:16:58.558] [Info] Root: Loaded ImageMetadataDatabase in 9.33052e-07 seconds
[10:16:58.573] [Info] Application: main update loop...
[10:16:58.576] [Info] Loading mods from user generated content with id '807695810' from directory 'E:\Program Files (x86)\Steam\steamapps\workshop\content\211820\807695810'
[10:16:58.576] [Info] Loading mods from user generated content with id '1117007107' from directory 'E:\Program Files (x86)\Steam\steamapps\workshop\content\211820\1117007107'
[10:16:58.576] [Info] Reloading to include all user generated content
[10:16:58.576] [Info] Root: Reloading from disk
[10:16:58.576] [Info] Root: Writing runtime configuration to '..\storage\starbound.config'
[10:16:58.799] [Info] Root: Loaded Configuration in 0.00225332 seconds
[10:16:58.799] [Info] Root: Scanning for asset sources in directory '..\assets\'
[10:16:59.625] [Info] Root: Scanning for asset sources in directory '..\mods\'
[10:16:59.625] [Warn] Root: Unrecognized file in asset directory 'mods_go_here', skipping
[10:16:59.625] [Info] Root: Scanning for asset sources in directory 'E:\Program Files (x86)\Steam\steamapps\workshop\content\211820\807695810'
[10:16:59.676] [Info] Root: Scanning for asset sources in directory 'E:\Program Files (x86)\Steam\steamapps\workshop\content\211820\1117007107'
[10:16:59.677] [Info] Root: Detected asset source named 'base' at '..\assets\packed.pak'
[10:16:59.677] [Info] Root: Detected asset source named 'SChinese' at 'E:\Program Files (x86)\Steam\steamapps\workshop\content\211820\807695810\contents.pak'
[10:16:59.677] [Info] Root: Detected asset source named 'SC-Font' at '..\mods\星核.pak'
[10:16:59.677] [Info] Root: Detected asset source named 'MorePlanetInfo' at 'E:\Program Files (x86)\Steam\steamapps\workshop\content\211820\1117007107\contents.pak'
[10:16:59.677] [Info] Root: Detected unnamed asset source at '..\assets\user'
[10:16:59.677] [Info] Loading assets from: '..\assets\packed.pak'
[10:17:00.595] [Info] Loading assets from: 'E:\Program Files (x86)\Steam\steamapps\workshop\content\211820\807695810\contents.pak'
[10:17:00.668] [Info] Loading assets from: '..\mods\星核.pak'
[10:17:00.668] [Info] Loading assets from: 'E:\Program Files (x86)\Steam\steamapps\workshop\content\211820\1117007107\contents.pak'
[10:17:00.669] [Info] Loading assets from: '..\assets\user'
[10:17:01.295] [Info] Assets digest is fac8a1c63718bf293648a61476cfb7477edf43fa329c486bac50136f28bf30f9
[10:17:01.295] [Info] Root: Loaded Assets in 2.49638 seconds
[10:17:01.318] [Info] Root: Loaded NameGenerator in 0.022885 seconds
[10:17:01.321] [Info] Root: Loaded ImageMetadataDatabase in 1.24407e-06 seconds
[10:17:01.413] [Info] Root: Loaded PlantDatabase in 0.0948324 seconds
[10:17:01.765] [Info] Root: Loaded ProjectileDatabase in 0.35209 seconds
[10:17:01.866] [Info] Root: Loaded ObjectDatabase in 0.570844 seconds
[10:17:01.900] [Info] Root: Loaded MonsterDatabase in 0.134756 seconds
[10:17:01.902] [Info] Root: Loaded StagehandDatabase in 0.00174077 seconds
[10:17:01.906] [Info] Root: Loaded VehicleDatabase in 0.00367374 seconds
[10:17:01.908] [Info] Root: Loaded PlayerFactory in 0.0023544 seconds
[10:17:01.926] [Info] Root: Loaded NpcDatabase in 0.0598115 seconds
[10:17:01.929] [Info] Root: Loaded VersioningDatabase in 0.00222595 seconds
[10:17:01.929] [Info] Root: Loaded EntityFactory in 0.0204009 seconds
[10:17:01.964] [Info] Root: Loaded ParticleDatabase in 0.0358361 seconds
[10:17:02.167] [Info] Root: Loaded MaterialDatabase in 0.238062 seconds
[10:17:02.170] [Info] Root: Loaded TerrainDatabase in 0.00330394 seconds
[10:17:02.192] [Info] Root: Loaded BiomeDatabase in 0.0216636 seconds
[10:17:02.193] [Info] Root: Loaded LiquidsDatabase in 0.000895108 seconds
[10:17:02.198] [Info] Root: Loaded StatusEffectDatabase in 0.00556006 seconds
[10:17:02.371] [Info] Root: Loaded DamageDatabase in 0.172779 seconds
[10:17:02.374] [Info] Root: Loaded EffectSourceDatabase in 0.00308187 seconds
[10:17:02.377] [Info] Root: Loaded FunctionDatabase in 0.00243153 seconds
[10:17:02.392] [Info] Root: Loaded TreasureDatabase in 0.0152738 seconds
[10:17:02.579] [Info] Root: Loaded DungeonDefinitions in 0.186769 seconds
[10:17:02.579] [Info] Root: Loaded TilesetDatabase in 2.23933e-05 seconds
[10:17:02.581] [Info] Root: Loaded StatisticsDatabase in 0.00175072 seconds
[10:17:02.581] [Info] Root: Loaded EmoteProcessor in 5.97154e-05 seconds
[10:17:02.585] [Info] Root: Loaded SpeciesDatabase in 0.00442205 seconds
[10:17:02.621] [Info] Root: Loaded QuestTemplateDatabase in 0.0358547 seconds
[10:17:02.623] [Info] Root: Loaded AiDatabase in 0.0019675 seconds
[10:17:02.624] [Info] Root: Loaded TechDatabase in 0.000854987 seconds
[10:17:02.631] [Info] Root: Loaded CodexDatabase in 0.00667195 seconds
[10:17:02.824] [Info] Root: Loaded BehaviorDatabase in 0.193575 seconds
[10:17:02.827] [Info] Root: Loaded DanceDatabase in 0.00229251 seconds
[10:17:02.831] [Info] Root: Loaded SpawnTypeDatabase in 0.00462359 seconds
[10:17:02.840] [Info] Root: Loaded RadioMessageDatabase in 0.00834149 seconds
[10:17:04.248] [Info] Root: Loaded ItemDatabase in 2.32181 seconds
[10:17:04.354] [Info] Root: Loaded CollectionDatabase in 1.51413 seconds
[10:17:04.771] [Info] detected supported OpenGL texture size 16384, using atlasNumCells 256
[10:17:43.318] [Info] UniverseServer: Creating universe storage directory
[10:17:43.324] [Info] UniverseServer: Acquiring universe lock file
[10:17:43.505] [Info] UniverseServer: Loading settings
[10:17:43.509] [Info] UniverseServer: Starting UniverseServer with UUID: 57d6a5594bbdc26a19c27067e69fc914
[10:17:43.516] [Info] UniverseServer: Logged in player '汗啊' locally
[10:17:43.516] [Info] UniverseServer: Logged in account '<anonymous>' as player '汗啊' from address local
[10:17:43.781] [Info] UniverseServer: Spawning player at ship
[10:17:43.781] [Info] UniverseServer: Client '汗啊' <1> (local) connected
[10:17:43.818] [Info] UniverseClient: Joined server as client 1
[10:17:43.880] [Info] UniverseServer: Creating new client ship world ClientShipWorld:278a89cc258b368d52361984c9b6af9c
[10:17:43.899] [Info] Protected dungeonIds for world set to (65524)
[10:17:44.382] [Info] detected supported OpenGL texture size 16384, using atlasNumCells 64
[10:17:44.382] [Info] detected supported OpenGL texture size 16384, using atlasNumCells 128
[10:17:44.387] [Info] detected supported OpenGL texture size 16384, using atlasNumCells 256
[10:17:44.387] [Info] detected supported OpenGL texture size 16384, using atlasNumCells 256
[10:17:44.388] [Info] Setting steam rich presence connection as steam id 76561198241327474
[10:17:44.388] [Info] UniverseServer: Warping player 1 to ClientShipWorld:278a89cc258b368d52361984c9b6af9c
[10:17:44.479] [Info] Flying ship for player 1 to new starter world
[10:17:44.479] [Info] Searching for new randomized starter world
[10:17:47.485] [Info] Chat: 系统崩溃，请重启。
[10:17:49.087] [Info] Chat: 重启中…
[10:17:50.246] [Info] UniverseServer: Found randomized starter world at 211177849:31846779:-154413990:4
[10:17:50.342] [Info] UniverseServer: Creating new system world at location (211177849, 31846779, -154413990)
[10:17:50.354] [Info] UniverseServer: Creating celestial world 211177849:31846779:-154413990:4
[10:17:50.851] [Info] Protected dungeonIds for world set to (65524)
[10:17:50.851] [Info] Placing dungeon naturalcave
[10:17:50.909] [Info] Generating dungeon naturalcave
[10:17:50.910] [Info] Placing dungeon at (1174, 675)
[10:17:51.283] [Warn] Failed to place dungeon object: woodencrate2 direction: 0 position: (1446, 422)
[10:17:51.284] [Warn] Failed to place dungeon object: woodencrate1 direction: 1 position: (1449, 422)
[10:17:51.300] [Warn] Failed to place dungeon object: metalbarrel1 direction: 1 position: (1435, 506)
[10:17:51.306] [Warn] Failed to place dungeon object: metalbarrel1 direction: 1 position: (1381, 513)
[10:17:51.327] [Warn] Failed to place dungeon object: metalbarrel1 direction: 0 position: (1373, 539)
[10:17:51.341] [Warn] Failed to place dungeon object: metalbarrel1 direction: 0 position: (1058, 547)
[10:17:51.429] [Warn] Failed to place dungeon object: metalbarrel1 direction: 0 position: (1308, 588)
[10:17:51.826] [Info] Placing dungeon gardengate
[10:17:52.165] [Info] Generating dungeon gardengate
[10:17:52.166] [Info] Placing dungeon at (2838, 675)
[10:17:52.233] [Info] Protected dungeonIds for world set to (1, 65524)
[10:17:53.586] [Info] Chat: 我是S.A.I.L，你的舰载人工智能窗口。我负责管理你的飞船的维护事项。
[10:17:54.168] [Info] Chat: 我同时也设定为能够给你提供信息和建议。
[10:17:54.502] [Info] Chat: 地球遭到了不明力量的攻击，然后被彻底毁灭。
[10:17:54.702] [Info] Chat: 在逃离过程中飞船的导航系统受损。我们当前的位置不明。
[10:17:54.963] [Info] UniverseServer: Arriving ship for player 1 at 211177849:31846779:-154413990:4
[10:17:54.979] [Info] UniverseServer: Stopping idle world CelestialWorld:211177849:31846779:-154413990:4
[10:18:13.446] [Info] UniverseServer: Loading celestial world 211177849:31846779:-154413990:4
[10:18:13.595] [Info] Protected dungeonIds for world set to (1, 65524)
[10:18:13.746] [Info] UniverseServer: Warping player 1 to CelestialWorld:211177849:31846779:-154413990:4
[10:18:13.755] [Info] UniverseServer: Stopping idle world ClientShipWorld:278a89cc258b368d52361984c9b6af9c
[10:18:13.759] [Info] Client received world stop packet, leaving: Removed
[10:18:19.921] [Info] UniverseClient: Client disconnecting...
[10:18:19.975] [Info] Client received world stop packet, leaving: Removed
[10:18:20.244] [Info] UniverseServer: Client '汗啊' <1> (local) disconnected for reason: 
[10:18:20.246] [Info] UniverseServer: Stopping idle world CelestialWorld:211177849:31846779:-154413990:4
[10:18:21.122] [Info] UniverseServer: Stopping UniverseServer
[10:18:21.603] [Info] Clearing steam rich presence connection
[10:18:23.747] [Info] Application: quit requested
[10:18:23.747] [Info] Application: quitting...
[10:18:23.747] [Info] Application: shutdown...
[10:18:24.677] [Info] Root: Shutting down Root
[10:18:24.922] [Info] Application: Destroying SDL Window
[10:18:24.962] [Info] Application: stopped gracefully
