[14:16:48.715] [Info] Root: Preparing Root...
[14:16:48.720] [Info] Root: Done preparing Root.
[14:16:48.723] [Info] Root: Scanning for asset sources in directory '..\assets\'
[14:16:48.725] [Info] Root: Loaded Configuration in 0.000386906 seconds
[14:16:49.568] [Info] Root: Scanning for asset sources in directory '..\mods\'
[14:16:49.570] [Warn] Root: Unrecognized file in asset directory 'mods_go_here', skipping
[14:16:49.571] [Info] Root: Detected asset source named 'base' at '..\assets\packed.pak'
[14:16:49.575] [Info] Root: Detected asset source named 'SC-Font' at '..\mods\星核.pak'
[14:16:49.577] [Info] Root: Detected unnamed asset source at '..\assets\user'
[14:16:49.578] [Info] Loading assets from: '..\assets\packed.pak'
[14:16:50.522] [Info] Loading assets from: '..\mods\星核.pak'
[14:16:50.523] [Info] Loading assets from: '..\assets\user'
[14:16:51.074] [Info] Assets digest is b57c9f91776ea4b4e2370f4ea05a80cd4c91b8319f7d3f451d5af3749dade860
[14:16:51.075] [Info] Root: Loaded Assets in 2.35385 seconds
[14:16:51.084] [Info] Root: Loaded NameGenerator in 2.35802 seconds
[14:16:51.165] [Info] Root: Loaded PlantDatabase in 0.0792323 seconds
[14:16:51.322] [Info] Root: Loaded ObjectDatabase in 0.241774 seconds
[14:16:51.442] [Info] Root: Loaded MonsterDatabase in 0.119016 seconds
[14:16:51.455] [Info] Root: Loaded ProjectileDatabase in 0.288799 seconds
[14:16:51.458] [Info] Root: Loaded StagehandDatabase in 0.00121421 seconds
[14:16:51.462] [Info] Root: Loaded VehicleDatabase in 0.00346069 seconds
[14:16:51.466] [Info] Root: Loaded PlayerFactory in 0.00211368 seconds
[14:16:51.473] [Info] Root: Loaded NpcDatabase in 0.0295992 seconds
[14:16:51.478] [Info] Root: Loaded VersioningDatabase in 0.00350112 seconds
[14:16:51.480] [Info] Root: Loaded EntityFactory in 0.0122578 seconds
[14:16:51.527] [Info] Root: Loaded ParticleDatabase in 0.0458574 seconds
[14:16:51.530] [Info] Root: Loaded ImageMetadataDatabase in 1.8661e-06 seconds
[14:16:51.711] [Info] Root: Loaded MaterialDatabase in 0.229944 seconds
[14:16:51.717] [Info] Root: Loaded TerrainDatabase in 0.00398413 seconds
[14:16:51.742] [Info] Root: Loaded BiomeDatabase in 0.0234081 seconds
[14:16:51.746] [Info] Root: Loaded LiquidsDatabase in 0.000821397 seconds
[14:16:51.753] [Info] Root: Loaded StatusEffectDatabase in 0.00541419 seconds
[14:16:51.939] [Info] Root: Loaded DamageDatabase in 0.184806 seconds
[14:16:51.944] [Info] Root: Loaded EffectSourceDatabase in 0.00385817 seconds
[14:16:51.948] [Info] Root: Loaded FunctionDatabase in 0.00271612 seconds
[14:16:51.967] [Info] Root: Loaded TreasureDatabase in 0.0168301 seconds
[14:16:52.155] [Info] Root: Loaded DungeonDefinitions in 0.187032 seconds
[14:16:52.157] [Info] Root: Loaded TilesetDatabase in 2.45704e-05 seconds
[14:16:52.160] [Info] Root: Loaded StatisticsDatabase in 0.00165803 seconds
[14:16:52.161] [Info] Root: Loaded EmoteProcessor in 7.1223e-05 seconds
[14:16:52.167] [Info] Root: Loaded SpeciesDatabase in 0.00448923 seconds
[14:16:52.178] [Info] Root: Loaded QuestTemplateDatabase in 0.00909726 seconds
[14:16:52.180] [Info] Root: Loaded AiDatabase in 0.00108856 seconds
[14:16:52.182] [Info] Root: Loaded TechDatabase in 0.000624834 seconds
[14:16:52.187] [Info] Root: Loaded CodexDatabase in 0.00357359 seconds
[14:16:52.382] [Info] Root: Loaded BehaviorDatabase in 0.193994 seconds
[14:16:52.386] [Info] Root: Loaded DanceDatabase in 0.00217308 seconds
[14:16:52.391] [Info] Root: Loaded SpawnTypeDatabase in 0.00420776 seconds
[14:16:52.395] [Info] Root: Loaded RadioMessageDatabase in 0.00265609 seconds
[14:16:53.728] [Info] Root: Writing runtime configuration to '..\storage\starbound_server.config'
[14:16:53.757] [Info] Root: Loaded ItemDatabase in 2.28149 seconds
[14:16:53.868] [Info] Root: Loaded CollectionDatabase in 1.47027 seconds
[14:16:53.952] [Info] Server Version 1.3.3 (windows x86_64) Source ID: c21069b204d626bfe673a047a2100d2fcd0766d4 Protocol: 743
[14:16:53.954] [Info] UniverseServer: Acquiring universe lock file
[14:16:53.961] [Info] UniverseServer: Loading settings
[14:16:53.965] [Info] UniverseServer: Starting UniverseServer with UUID: 57d6a5594bbdc26a19c27067e69fc914
[14:16:53.967] [Info] UniverseServer: listening for incoming TCP connections on 0.0.0.0:21025
